Determining if the pthread_create exist failed with the following output:
Change Dir: /home/lu/work/git/cpp-crc/release/CMakeFiles/CMakeTmp

Run Build Command:"/usr/bin/make" "cmTC_e9d7b/fast"
/usr/bin/make -f CMakeFiles/cmTC_e9d7b.dir/build.make CMakeFiles/cmTC_e9d7b.dir/build
make[1]: Entering directory '/home/lu/work/git/cpp-crc/release/CMakeFiles/CMakeTmp'
Building C object CMakeFiles/cmTC_e9d7b.dir/CheckSymbolExists.c.o
/usr/bin/clang-5.0   -Wall -std=c99    -o CMakeFiles/cmTC_e9d7b.dir/CheckSymbolExists.c.o   -c /home/lu/work/git/cpp-crc/release/CMakeFiles/CMakeTmp/CheckSymbolExists.c
Linking C executable cmTC_e9d7b
/usr/bin/cmake -E cmake_link_script CMakeFiles/cmTC_e9d7b.dir/link.txt --verbose=1
/usr/bin/clang-5.0 -Wall -std=c99     -rdynamic CMakeFiles/cmTC_e9d7b.dir/CheckSymbolExists.c.o  -o cmTC_e9d7b 
CMakeFiles/cmTC_e9d7b.dir/CheckSymbolExists.c.o: In function `main':
/home/lu/work/git/cpp-crc/release/CMakeFiles/CMakeTmp/CheckSymbolExists.c:(.text+0x19): undefined reference to `pthread_create'
clang: error: linker command failed with exit code 1 (use -v to see invocation)
CMakeFiles/cmTC_e9d7b.dir/build.make:97: recipe for target 'cmTC_e9d7b' failed
make[1]: *** [cmTC_e9d7b] Error 1
make[1]: Leaving directory '/home/lu/work/git/cpp-crc/release/CMakeFiles/CMakeTmp'
Makefile:126: recipe for target 'cmTC_e9d7b/fast' failed
make: *** [cmTC_e9d7b/fast] Error 2

File /home/lu/work/git/cpp-crc/release/CMakeFiles/CMakeTmp/CheckSymbolExists.c:
/* */
#include <pthread.h>

int main(int argc, char** argv)
{
  (void)argv;
#ifndef pthread_create
  return ((int*)(&pthread_create))[argc];
#else
  (void)argc;
  return 0;
#endif
}

Determining if the function pthread_create exists in the pthreads failed with the following output:
Change Dir: /home/lu/work/git/cpp-crc/release/CMakeFiles/CMakeTmp

Run Build Command:"/usr/bin/make" "cmTC_68ab5/fast"
/usr/bin/make -f CMakeFiles/cmTC_68ab5.dir/build.make CMakeFiles/cmTC_68ab5.dir/build
make[1]: Entering directory '/home/lu/work/git/cpp-crc/release/CMakeFiles/CMakeTmp'
Building C object CMakeFiles/cmTC_68ab5.dir/CheckFunctionExists.c.o
/usr/bin/clang-5.0   -Wall -std=c99 -DCHECK_FUNCTION_EXISTS=pthread_create   -o CMakeFiles/cmTC_68ab5.dir/CheckFunctionExists.c.o   -c /usr/share/cmake-3.9/Modules/CheckFunctionExists.c
Linking C executable cmTC_68ab5
/usr/bin/cmake -E cmake_link_script CMakeFiles/cmTC_68ab5.dir/link.txt --verbose=1
/usr/bin/clang-5.0 -Wall -std=c99 -DCHECK_FUNCTION_EXISTS=pthread_create    -rdynamic CMakeFiles/cmTC_68ab5.dir/CheckFunctionExists.c.o  -o cmTC_68ab5 -lpthreads 
/usr/bin/ld: cannot find -lpthreads
clang: error: linker command failed with exit code 1 (use -v to see invocation)
CMakeFiles/cmTC_68ab5.dir/build.make:97: recipe for target 'cmTC_68ab5' failed
make[1]: *** [cmTC_68ab5] Error 1
make[1]: Leaving directory '/home/lu/work/git/cpp-crc/release/CMakeFiles/CMakeTmp'
Makefile:126: recipe for target 'cmTC_68ab5/fast' failed
make: *** [cmTC_68ab5/fast] Error 2


